1 1646254451-294017
2 1646254451-294378
3 1646254451-295603
4 1646254451-295802
5 1646254451-295998
6 1646254451-296206
7 1646254451-297436
8 1646254451-297550
9 1646254451-297669
10 1646254451-297723
11 1646254451-297848
12 1646254451-298046
13 1646254451-298237
14 1646254451-299369
15 1646254451-299497
16 1646254451-299583
17 1646254451-299653
18 1646254451-299720
19 1646254451-299781
20 1646254451-299838
21 1646254451-299892
22 1646254451-301375
23 1646254451-301455
24 1646254451-301504
25 1646254451-301552
26 1646254451-301600
27 1646254451-301648
28 1646254451-301696
29 1646254451-301744
30 1646254451-301792
31 1646254451-301840
32 1646254451-301889
33 1646254451-301937
34 1646254451-301985
35 1646254451-302033
36 1646254451-302081
37 1646254451-303527
38 1646254451-303581
39 1646254451-303629
40 1646254451-303677
41 1646254451-303725
42 1646254451-303773
43 1646254451-303821
44 1646254451-303869
45 1646254451-303916
46 1646254451-303963
47 1646254451-304011
48 1646254451-304058
49 1646254451-304105
50 1646254451-304152
51 1646254451-304200
52 1646254451-304247
53 1646254451-304294
54 1646254451-304360
55 1646254451-304413
56 1646254451-304466
57 1646254451-304519
58 1646254451-304571
59 1646254451-304625
60 1646254451-306112
61 1646254451-306167
62 1646254451-306220
63 1646254451-306272
64 1646254451-306335
65 1646254451-306396
66 1646254451-306457
67 1646254451-306511
68 1646254451-306566
69 1646254451-306618
70 1646254451-306671
71 1646254451-306725
72 1646254451-306777
73 1646254451-306829
74 1646254451-306881
75 1646254451-306934
76 1646254451-306986
77 1646254451-307038
78 1646254451-307091
79 1646254451-307143
80 1646254451-307196
81 1646254451-307274
82 1646254451-307334
83 1646254451-308954
84 1646254451-309007
85 1646254451-309056
86 1646254451-309103
87 1646254451-309151
88 1646254451-309198
89 1646254451-309245
90 1646254451-309293
91 1646254451-309340
92 1646254451-309387
93 1646254451-309455
94 1646254451-309508
95 1646254451-309560
96 1646254451-309613
97 1646254451-309666
98 1646254451-309719
99 1646254451-309771
100 1646254451-309823
101 1646254451-309876
102 1646254451-309928
103 1646254451-309980
104 1646254451-310032
105 1646254451-310085
106 1646254451-310136
107 1646254451-310203
108 1646254451-310258
109 1646254451-310311
110 1646254451-310364
111 1646254451-312144
112 1646254451-312199
113 1646254451-312247
114 1646254451-312296
115 1646254451-312343
116 1646254451-312391
117 1646254451-312439
118 1646254451-312486
119 1646254451-312534
120 1646254451-312582
121 1646254451-312629
122 1646254451-312677
123 1646254451-312724
124 1646254451-312771
125 1646254451-312819
126 1646254451-312866
127 1646254451-312914
128 1646254451-312961
129 1646254451-313007
130 1646254451-313055
131 1646254451-313102
132 1646254451-313150
133 1646254451-313198
134 1646254451-313245
135 1646254451-313294
136 1646254451-313342
137 1646254451-314862
138 1646254451-314913
139 1646254451-314961
140 1646254451-315008
141 1646254451-315056
142 1646254451-315103
143 1646254451-315151
144 1646254451-315199
145 1646254451-315262
146 1646254451-315315
147 1646254451-315363
148 1646254451-315411
149 1646254451-315459
150 1646254451-315507
151 1646254451-315555
152 1646254451-316908
153 1646254451-316966
154 1646254451-317015
155 1646254451-317063
156 1646254451-317110
157 1646254451-317157
158 1646254451-317205
159 1646254451-317253
160 1646254451-317301
161 1646254451-317349
162 1646254451-317396
163 1646254451-317444
164 1646254451-317491
165 1646254451-317539
166 1646254451-317587
167 1646254451-317637
168 1646254451-317686
169 1646254451-317736
170 1646254451-317785
171 1646254451-319103
172 1646254451-319154
173 1646254451-319202
174 1646254451-319268
175 1646254451-319320
176 1646254451-319368
177 1646254451-319417
178 1646254451-319464
179 1646254451-319511
180 1646254451-319559
181 1646254451-319606
182 1646254451-319653
183 1646254451-319702
184 1646254451-321073
185 1646254451-321126
186 1646254451-321173
187 1646254451-321222
188 1646254451-321270
189 1646254451-321318
190 1646254451-321365
191 1646254451-321413
192 1646254451-321461
193 1646254451-321520
194 1646254451-321568
195 1646254451-321616
196 1646254451-321664
197 1646254451-321711
198 1646254451-321759
199 1646254451-321809
200 1646254451-323081
201 1646254451-323130
202 1646254451-323177
203 1646254451-323226
204 1646254451-323303
205 1646254451-323358
206 1646254451-323406
207 1646254451-323458
208 1646254451-323508
209 1646254451-323565
210 1646254451-323615
211 1646254451-323662
212 1646254451-323709
213 1646254451-323757
214 1646254451-323804
215 1646254451-323853
216 1646254451-325185
217 1646254451-325237
218 1646254451-325285
219 1646254451-325332
220 1646254451-325380
221 1646254451-325429
222 1646254451-325476
223 1646254451-325523
224 1646254451-325571
225 1646254451-325618
226 1646254451-325665
227 1646254451-325712
228 1646254451-325763
229 1646254451-325811
230 1646254451-325859
231 1646254451-325907
232 1646254451-327225
233 1646254451-327301
234 1646254451-327352
235 1646254451-327399
236 1646254451-327446
237 1646254451-327495
238 1646254451-327543
239 1646254451-327590
240 1646254451-327637
241 1646254451-327684
242 1646254451-327731
243 1646254451-327779
244 1646254451-327826
245 1646254451-329057
246 1646254451-329110
247 1646254451-329158
248 1646254451-329206
249 1646254451-329253
250 1646254451-329300
251 1646254451-329347
252 1646254451-329394
253 1646254451-329441
254 1646254451-329488
255 1646254451-329536
256 1646254451-329583
257 1646254451-329631
258 1646254451-329678
259 1646254451-329726
260 1646254451-329773
261 1646254451-329820
262 1646254451-329867
263 1646254451-329916
264 1646254451-329963
265 1646254451-330010
266 1646254451-330058
267 1646254451-332357
268 1646254451-332408
269 1646254451-332456
270 1646254451-332503
271 1646254451-332551
272 1646254451-332598
273 1646254451-332645
274 1646254451-332692
275 1646254451-332740
276 1646254451-332787
277 1646254451-332834
278 1646254451-332881
279 1646254451-332928
280 1646254451-332975
281 1646254451-333022
282 1646254451-333069
283 1646254451-333116
284 1646254451-333162
285 1646254451-333210
286 1646254451-334709
287 1646254451-334760
288 1646254451-334807
289 1646254451-334857
290 1646254451-334904
291 1646254451-334952
292 1646254451-334999
293 1646254451-335047
294 1646254451-335094
295 1646254451-335141
296 1646254451-335188
297 1646254451-335252
298 1646254451-335307
299 1646254451-335355
300 1646254451-335403
301 1646254451-335450
302 1646254451-335498
303 1646254451-335545
304 1646254451-335593
305 1646254451-337029
306 1646254451-337080
307 1646254451-337128
308 1646254451-337175
309 1646254451-337222
310 1646254451-337270
311 1646254451-337325
312 1646254451-337375
313 1646254451-337422
314 1646254451-337470
315 1646254451-337517
316 1646254451-337564
317 1646254451-337612
318 1646254451-337660
319 1646254451-339043
320 1646254451-339095
321 1646254451-339142
322 1646254451-339191
323 1646254451-339256
324 1646254451-339310
325 1646254451-339359
326 1646254451-339406
327 1646254451-339454
328 1646254451-339501
329 1646254451-339548
330 1646254451-339595
331 1646254451-339642
332 1646254451-339689
333 1646254451-339736
334 1646254451-339784
335 1646254451-341014
336 1646254451-341064
337 1646254451-341112
338 1646254451-341159
339 1646254451-341206
340 1646254451-341253
341 1646254451-341300
342 1646254451-341347
343 1646254451-341394
344 1646254451-341440
345 1646254451-341487
346 1646254451-341534
347 1646254451-341581
348 1646254451-341629
349 1646254451-341676
350 1646254451-341723
351 1646254451-343491
352 1646254451-343546
353 1646254451-343594
354 1646254451-343641
355 1646254451-343688
356 1646254451-343736
357 1646254451-343783
358 1646254451-343830
359 1646254451-343877
360 1646254451-343924
361 1646254451-343971
362 1646254451-344018
363 1646254451-344065
364 1646254451-344113
365 1646254451-344160
366 1646254451-344208
367 1646254451-344272
368 1646254451-348327
369 1646254451-348387
370 1646254451-348443
371 1646254451-348500
372 1646254451-348555
373 1646254451-348608
374 1646254451-348663
375 1646254451-348711
376 1646254451-348758
377 1646254451-348805
378 1646254451-348852
379 1646254451-348911
380 1646254451-348959
381 1646254451-349006
382 1646254451-349055
383 1646254451-350572
384 1646254451-350629
385 1646254451-350683
386 1646254451-350731
387 1646254451-350778
388 1646254451-350825
389 1646254451-350873
390 1646254451-350921
391 1646254451-350968
392 1646254451-351015
393 1646254451-351062
394 1646254451-351108
395 1646254451-351155
396 1646254451-351203
397 1646254451-351269
398 1646254451-351322
399 1646254451-351371
400 1646254451-352697
401 1646254451-352752
402 1646254451-352805
403 1646254451-352858
404 1646254451-352908
405 1646254451-352955
406 1646254451-353003
407 1646254451-353050
408 1646254451-353097
409 1646254451-353144
410 1646254451-353191
411 1646254451-353238
412 1646254451-353285
413 1646254451-353332
414 1646254451-353389
415 1646254451-353439
416 1646254451-353487
417 1646254451-354909
418 1646254451-354961
419 1646254451-355009
420 1646254451-355057
421 1646254451-355104
422 1646254451-355151
423 1646254451-355198
424 1646254451-355261
425 1646254451-355314
426 1646254451-355362
427 1646254451-355410
428 1646254451-355457
429 1646254451-355506
430 1646254451-355553
431 1646254451-355600
432 1646254451-355648
433 1646254451-355695
434 1646254451-355743
435 1646254451-355791
436 1646254451-357161
437 1646254451-357211
438 1646254451-357259
439 1646254451-357306
440 1646254451-357353
441 1646254451-357400
442 1646254451-357447
443 1646254451-357495
444 1646254451-357542
445 1646254451-357589
446 1646254451-357636
447 1646254451-357684
448 1646254451-357732
449 1646254451-357780
450 1646254451-357828
451 1646254451-359153
452 1646254451-359205
453 1646254451-359274
454 1646254451-359325
455 1646254451-359373
456 1646254451-359420
457 1646254451-359467
458 1646254451-359515
459 1646254451-359562
460 1646254451-359609
461 1646254451-359656
462 1646254451-359703
463 1646254451-359750
464 1646254451-359798
465 1646254451-359845
466 1646254451-361169
467 1646254451-361219
468 1646254451-361266
469 1646254451-361313
470 1646254451-361360
471 1646254451-361407
472 1646254451-361455
473 1646254451-361502
474 1646254451-361549
475 1646254451-361596
476 1646254451-361643
477 1646254451-361690
478 1646254451-361738
479 1646254451-363099
480 1646254451-363151
481 1646254451-363199
482 1646254451-363267
483 1646254451-363320
484 1646254451-363367
485 1646254451-363415
486 1646254451-363462
487 1646254451-363509
488 1646254451-363556
489 1646254451-363603
490 1646254451-363649
491 1646254451-363696
492 1646254451-363743
493 1646254451-363790
494 1646254451-363837
495 1646254451-363883
496 1646254451-363930
497 1646254451-363977
498 1646254451-364023
499 1646254451-364071
500 1646254451-364118
501 1646254451-365609
502 1646254451-365659
503 1646254451-365707
504 1646254451-365754
505 1646254451-365801
506 1646254451-365848
507 1646254451-365895
508 1646254451-365942
509 1646254451-365989
510 1646254451-366036
511 1646254451-366083
512 1646254451-366130
513 1646254451-366185
514 1646254451-366232
515 1646254451-366280
516 1646254451-366336
517 1646254451-366386
518 1646254451-368009
519 1646254451-368065
520 1646254451-368114
521 1646254451-368162
522 1646254451-368210
523 1646254451-368258
524 1646254451-368306
525 1646254451-368353
526 1646254451-368402
527 1646254451-368449
528 1646254451-368497
529 1646254451-368545
530 1646254451-368593
531 1646254451-368640
532 1646254451-368688
533 1646254451-368736
534 1646254451-370275
535 1646254451-370329
536 1646254451-370382
537 1646254451-370435
538 1646254451-370486
539 1646254451-370534
540 1646254451-370582
541 1646254451-370629
542 1646254451-370676
543 1646254451-370723
544 1646254451-370771
545 1646254451-370818
546 1646254451-370866
547 1646254451-370914
548 1646254451-370962
549 1646254451-372347
550 1646254451-372409
551 1646254451-372466
552 1646254451-372521
553 1646254451-372575
554 1646254451-372629
555 1646254451-372683
556 1646254451-372731
557 1646254451-372779
558 1646254451-372826
559 1646254451-372874
560 1646254451-372921
561 1646254451-372969
562 1646254451-373016
563 1646254451-373063
564 1646254451-373112
565 1646254451-373170
566 1646254451-374994
567 1646254451-375042
568 1646254451-375090
569 1646254451-375138
570 1646254451-375186
571 1646254451-375233
572 1646254451-375303
573 1646254451-375351
574 1646254451-375399
575 1646254451-375445
576 1646254451-375493
577 1646254451-375555
578 1646254451-375604
579 1646254451-375653
580 1646254451-376971
581 1646254451-377023
582 1646254451-377071
583 1646254451-377118
584 1646254451-377166
585 1646254451-377213
586 1646254451-377261
587 1646254451-377308
588 1646254451-377355
589 1646254451-377402
590 1646254451-377450
591 1646254451-377497
592 1646254451-377545
593 1646254451-377592
594 1646254451-377640
595 1646254451-377687
596 1646254451-377735
597 1646254451-380451
598 1646254451-380502
599 1646254451-380550
600 1646254451-380598
601 1646254451-380645
602 1646254451-380692
603 1646254451-380739
604 1646254451-380787
605 1646254451-380834
606 1646254451-380881
607 1646254451-380929
608 1646254451-380977
609 1646254451-381025
610 1646254451-381072
611 1646254451-382521
612 1646254451-382573
613 1646254451-382620
614 1646254451-382667
615 1646254451-382714
616 1646254451-382762
617 1646254451-382809
618 1646254451-382856
619 1646254451-382911
620 1646254451-382960
621 1646254451-383007
622 1646254451-383055
623 1646254451-383102
624 1646254451-383149
625 1646254451-383196
626 1646254451-383262
627 1646254451-384632
628 1646254451-384686
629 1646254451-384739
630 1646254451-384792
631 1646254451-384844
632 1646254451-384897
633 1646254451-384948
634 1646254451-384995
635 1646254451-385043
636 1646254451-385091
637 1646254451-385138
638 1646254451-385186
639 1646254451-385233
640 1646254451-385280
641 1646254451-386566
642 1646254451-386619
643 1646254451-386666
644 1646254451-386713
645 1646254451-386761
646 1646254451-386808
647 1646254451-386855
648 1646254451-386902
649 1646254451-386949
650 1646254451-386996
651 1646254451-387043
652 1646254451-387090
653 1646254451-387137
654 1646254451-387185
655 1646254451-387233
656 1646254451-387306
657 1646254451-388547
658 1646254451-388603
659 1646254451-388656
660 1646254451-388709
661 1646254451-388762
662 1646254451-388814
663 1646254451-388864
664 1646254451-388912
665 1646254451-388960
666 1646254451-389008
667 1646254451-389055
668 1646254451-389103
669 1646254451-389150
670 1646254451-389198
671 1646254451-390436
672 1646254451-390488
673 1646254451-390537
674 1646254451-390584
675 1646254451-390632
676 1646254451-390679
677 1646254451-390727
678 1646254451-390774
679 1646254451-390822
680 1646254451-390869
681 1646254451-390916
682 1646254451-390963
683 1646254451-391011
684 1646254451-391058
685 1646254451-391106
686 1646254451-391153
687 1646254451-391201
688 1646254451-392981
689 1646254451-393037
690 1646254451-393091
691 1646254451-393145
692 1646254451-393198
693 1646254451-393251
694 1646254451-393302
695 1646254451-393350
696 1646254451-393397
697 1646254451-393444
698 1646254451-393491
699 1646254451-393538
700 1646254451-393593
701 1646254451-393640
702 1646254451-395165
703 1646254451-395226
704 1646254451-395308
705 1646254451-395430
706 1646254451-395550
707 1646254451-395669
708 1646254451-395789
709 1646254451-395897
710 1646254451-397382
711 1646254451-397438
712 1646254451-397493
713 1646254451-397542
714 1646254451-397589
715 1646254451-397637
716 1646254451-397684
717 1646254451-397732
718 1646254451-397780
719 1646254451-397828
720 1646254451-397876
721 1646254451-397933
722 1646254451-397982
723 1646254451-398031
724 1646254451-399788
725 1646254451-399845
726 1646254451-399895
727 1646254451-399943
728 1646254451-399992
729 1646254451-400040
730 1646254451-400088
731 1646254451-400137
732 1646254451-400185
733 1646254451-400232
734 1646254451-400281
735 1646254451-400329
736 1646254451-400377
737 1646254451-400425
738 1646254451-400474
739 1646254451-401791
740 1646254451-401842
741 1646254451-401891
742 1646254451-401939
743 1646254451-401989
744 1646254451-402037
745 1646254451-402085
746 1646254451-402133
747 1646254451-402181
748 1646254451-402230
749 1646254451-402278
750 1646254451-402326
751 1646254451-402384
752 1646254451-402433
753 1646254451-403785
754 1646254451-403848
755 1646254451-403897
756 1646254451-403945
757 1646254451-403992
758 1646254451-404041
759 1646254451-404088
760 1646254451-404135
761 1646254451-404183
762 1646254451-404230
763 1646254451-404277
764 1646254451-404331
765 1646254451-404379
766 1646254451-404426
767 1646254451-406220
768 1646254451-406274
769 1646254451-406332
770 1646254451-406387
771 1646254451-406440
772 1646254451-406493
773 1646254451-406544
774 1646254451-406591
775 1646254451-406638
776 1646254451-406685
777 1646254451-406733
778 1646254451-406780
779 1646254451-408195
780 1646254451-408250
781 1646254451-408307
782 1646254451-408361
783 1646254451-408415
784 1646254451-408469
785 1646254451-408522
786 1646254451-408570
787 1646254451-408617
788 1646254451-408664
789 1646254451-408712
790 1646254451-408759
791 1646254451-408806
792 1646254451-408854
793 1646254451-408901
794 1646254451-408948
795 1646254451-410288
796 1646254451-410343
797 1646254451-410396
798 1646254451-410449
799 1646254451-410499
800 1646254451-410547
801 1646254451-410594
802 1646254451-410642
803 1646254451-410689
804 1646254451-410736
805 1646254451-410784
806 1646254451-410831
807 1646254451-410877
808 1646254451-410925
809 1646254451-412259
810 1646254451-412322
811 1646254451-412372
812 1646254451-412420
813 1646254451-412469
814 1646254451-412516
815 1646254451-412563
816 1646254451-412611
817 1646254451-412658
818 1646254451-412705
819 1646254451-412753
820 1646254451-412800
821 1646254451-412847
822 1646254451-412895
823 1646254451-412950
824 1646254451-412999
825 1646254451-413046
826 1646254451-413093
827 1646254451-413141
828 1646254451-413194
829 1646254451-413242
830 1646254451-413289
831 1646254451-413337
832 1646254451-413385
833 1646254451-413438
834 1646254451-414690
835 1646254451-414742
836 1646254451-414790
837 1646254451-414838
838 1646254451-414885
839 1646254451-414932
840 1646254451-414980
841 1646254451-415027
842 1646254451-415074
843 1646254451-415121
844 1646254451-415168
845 1646254451-415215
846 1646254451-415281
847 1646254451-415332
848 1646254451-415382
849 1646254451-416757
850 1646254451-416813
851 1646254451-416867
852 1646254451-416922
853 1646254451-416976
854 1646254451-417024
855 1646254451-417071
856 1646254451-417118
857 1646254451-417165
858 1646254451-417213
859 1646254451-417260
860 1646254451-417307
861 1646254451-417355
862 1646254451-417403
863 1646254451-417450
864 1646254451-418784
865 1646254451-418834
866 1646254451-418881
867 1646254451-418928
868 1646254451-418975
869 1646254451-419022
870 1646254451-419068
871 1646254451-419115
872 1646254451-419162
873 1646254451-419209
874 1646254451-419274
875 1646254451-419326
876 1646254451-419374
877 1646254451-419422
878 1646254451-419469
879 1646254451-419516
880 1646254451-420819
881 1646254451-420876
882 1646254451-420930
883 1646254451-420977
884 1646254451-421024
885 1646254451-421071
886 1646254451-421118
887 1646254451-421165
888 1646254451-421212
889 1646254451-421259
890 1646254451-421306
891 1646254451-421354
892 1646254451-421407
893 1646254451-421455
894 1646254451-421503
895 1646254451-421550
896 1646254451-422692
897 1646254451-422747
898 1646254451-422796
899 1646254451-422844
900 1646254451-422891
901 1646254451-422939
902 1646254451-422987
903 1646254451-423034
904 1646254451-423081
905 1646254451-423127
906 1646254451-423174
907 1646254451-423221
908 1646254451-423282
909 1646254451-423333
910 1646254451-423380
911 1646254451-423428
912 1646254451-423475
913 1646254451-424752
914 1646254451-424808
915 1646254451-424857
916 1646254451-424904
917 1646254451-424952
918 1646254451-425000
919 1646254451-425048
920 1646254451-425095
921 1646254451-425142
922 1646254451-425190
923 1646254451-425237
924 1646254451-425285
925 1646254451-425332
926 1646254451-425387
927 1646254451-425437
928 1646254451-425485
929 1646254451-425533
930 1646254451-426845
931 1646254451-426895
932 1646254451-426942
933 1646254451-426989
934 1646254451-427036
935 1646254451-427082
936 1646254451-427130
937 1646254451-427187
938 1646254451-427249
939 1646254451-427307
940 1646254451-427356
941 1646254451-427404
942 1646254451-427451
943 1646254451-427498
944 1646254451-428833
945 1646254451-428889
946 1646254451-428944
947 1646254451-428992
948 1646254451-429039
949 1646254451-429087
950 1646254451-429135
951 1646254451-429182
952 1646254451-429230
953 1646254451-429277
954 1646254451-429325
955 1646254451-429372
956 1646254451-429427
957 1646254451-429474
958 1646254451-429522
959 1646254451-429569
960 1646254451-429616
961 1646254451-429670
962 1646254451-430926
963 1646254451-430975
964 1646254451-431022
965 1646254451-431070
966 1646254451-431117
967 1646254451-431165
968 1646254451-431212
969 1646254451-431276
970 1646254451-431329
971 1646254451-431376
972 1646254451-431424
973 1646254451-431471
974 1646254451-431518
975 1646254451-431565
976 1646254451-431612
977 1646254451-431659
978 1646254451-431705
979 1646254451-431753
980 1646254451-431800
981 1646254451-431847
982 1646254451-433108
983 1646254451-433160
984 1646254451-433208
985 1646254451-433255
986 1646254451-433303
987 1646254451-433350
988 1646254451-433398
989 1646254451-433446
990 1646254451-433493
991 1646254451-433540
992 1646254451-433587
993 1646254451-433634
994 1646254451-433682
995 1646254451-433729
996 1646254451-433777
997 1646254451-433825
998 1646254451-435056
999 1646254451-435105
1000 1646254451-435152
