1 1645989283-390117
2 1645989283-391679
3 1645989283-392792
4 1645989283-392942
5 1645989283-393083
6 1645989283-393191
7 1645989283-393284
8 1645989283-395327
9 1645989283-395488
10 1645989283-395564
11 1645989283-395588
12 1645989283-395693
13 1645989283-395858
14 1645989283-395982
15 1645989283-396148
16 1645989283-396324
17 1645989283-396492
18 1645989283-397899
19 1645989283-397971
20 1645989283-397999
21 1645989283-398146
22 1645989283-398314
23 1645989283-399897
24 1645989283-400070
25 1645989283-400212
26 1645989283-400358
27 1645989283-400478
28 1645989283-400570
29 1645989283-401990
30 1645989283-402140
31 1645989283-402251
32 1645989283-402350
33 1645989283-402437
34 1645989283-402502
35 1645989283-402566
36 1645989283-402605
37 1645989283-404316
38 1645989283-404352
39 1645989283-404385
40 1645989283-404417
41 1645989283-404449
42 1645989283-404482
43 1645989283-404513
44 1645989283-404545
45 1645989283-404577
46 1645989283-404608
47 1645989283-404640
48 1645989283-404671
49 1645989283-404703
50 1645989283-404735
51 1645989283-404767
52 1645989283-404799
53 1645989283-404830
54 1645989283-404862
55 1645989283-404894
56 1645989283-404926
57 1645989283-404958
58 1645989283-404989
59 1645989283-405021
60 1645989283-405053
61 1645989283-405085
62 1645989283-405117
63 1645989283-405149
64 1645989283-405181
65 1645989283-405213
66 1645989283-405245
67 1645989283-405276
68 1645989283-405308
69 1645989283-405340
70 1645989283-405372
71 1645989283-406774
72 1645989283-406862
73 1645989283-407040
74 1645989283-407196
75 1645989283-407320
76 1645989283-407389
77 1645989283-407459
78 1645989283-407538
79 1645989283-408845
80 1645989283-408889
81 1645989283-408930
82 1645989283-408971
83 1645989283-409012
84 1645989283-409053
85 1645989283-409094
86 1645989283-409135
87 1645989283-409175
88 1645989283-409216
89 1645989283-409257
90 1645989283-409297
91 1645989283-409338
92 1645989283-409380
93 1645989283-409420
94 1645989283-409461
95 1645989283-409501
96 1645989283-409559
97 1645989283-409601
98 1645989283-409641
99 1645989283-409683
100 1645989283-409724
101 1645989283-409765
102 1645989283-409806
103 1645989283-409846
104 1645989283-409887
105 1645989283-409928
106 1645989283-409969
107 1645989283-410020
108 1645989283-410062
109 1645989283-411254
110 1645989283-411300
111 1645989283-411344
112 1645989283-411389
113 1645989283-411433
114 1645989283-411477
115 1645989283-411522
116 1645989283-411566
117 1645989283-411611
118 1645989283-411655
119 1645989283-411699
120 1645989283-411743
121 1645989283-411787
122 1645989283-411832
123 1645989283-411876
124 1645989283-411920
125 1645989283-411966
126 1645989283-413653
127 1645989283-413711
128 1645989283-413757
129 1645989283-413801
130 1645989283-413845
131 1645989283-413889
132 1645989283-413933
133 1645989283-413977
134 1645989283-414021
135 1645989283-414072
136 1645989283-414122
137 1645989283-414166
138 1645989283-414210
139 1645989283-414253
140 1645989283-414297
141 1645989283-414341
142 1645989283-414386
143 1645989283-414430
144 1645989283-414474
145 1645989283-414518
146 1645989283-415859
147 1645989283-415916
148 1645989283-415961
149 1645989283-416005
150 1645989283-416049
151 1645989283-416093
152 1645989283-416136
153 1645989283-416180
154 1645989283-416224
155 1645989283-416268
156 1645989283-416312
157 1645989283-416356
158 1645989283-416401
159 1645989283-416444
160 1645989283-416488
161 1645989283-416531
162 1645989283-416577
163 1645989283-416623
164 1645989283-416670
165 1645989283-416716
166 1645989283-418161
167 1645989283-418211
168 1645989283-418256
169 1645989283-418299
170 1645989283-418343
171 1645989283-418387
172 1645989283-418430
173 1645989283-418474
174 1645989283-418518
175 1645989283-418561
176 1645989283-418606
177 1645989283-418649
178 1645989283-418692
179 1645989283-418736
180 1645989283-418781
181 1645989283-418824
182 1645989283-418868
183 1645989283-418912
184 1645989283-418955
185 1645989283-419000
186 1645989283-419043
187 1645989283-419087
188 1645989283-419131
189 1645989283-419175
190 1645989283-421316
191 1645989283-421374
192 1645989283-421419
193 1645989283-421475
194 1645989283-421537
195 1645989283-421608
196 1645989283-421706
197 1645989283-421767
198 1645989283-422931
199 1645989283-422988
200 1645989283-423041
201 1645989283-423092
202 1645989283-423143
203 1645989283-423194
204 1645989283-423239
205 1645989283-423285
206 1645989283-423331
207 1645989283-423376
208 1645989283-423421
209 1645989283-423476
210 1645989283-423523
211 1645989283-423568
212 1645989283-423615
213 1645989283-424731
214 1645989283-424779
215 1645989283-424825
216 1645989283-424870
217 1645989283-424916
218 1645989283-424962
219 1645989283-425008
220 1645989283-425053
221 1645989283-425100
222 1645989283-425146
223 1645989283-425191
224 1645989283-425237
225 1645989283-425283
226 1645989283-425329
227 1645989283-426494
228 1645989283-426550
229 1645989283-426601
230 1645989283-426650
231 1645989283-426700
232 1645989283-426749
233 1645989283-426798
234 1645989283-426843
235 1645989283-426888
236 1645989283-426933
237 1645989283-426978
238 1645989283-427023
239 1645989283-427069
240 1645989283-427114
241 1645989283-428320
242 1645989283-428379
243 1645989283-428426
244 1645989283-428471
245 1645989283-428516
246 1645989283-428593
247 1645989283-428648
248 1645989283-428693
249 1645989283-428739
250 1645989283-428785
251 1645989283-428830
252 1645989283-428889
253 1645989283-430054
254 1645989283-430112
255 1645989283-430163
256 1645989283-430213
257 1645989283-430262
258 1645989283-430311
259 1645989283-430357
260 1645989283-430403
261 1645989283-430448
262 1645989283-430492
263 1645989283-430538
264 1645989283-430585
265 1645989283-430630
266 1645989283-430674
267 1645989283-430720
268 1645989283-430765
269 1645989283-431833
270 1645989283-431892
271 1645989283-431937
272 1645989283-431982
273 1645989283-432027
274 1645989283-432072
275 1645989283-432117
276 1645989283-432161
277 1645989283-432205
278 1645989283-432250
279 1645989283-432294
280 1645989283-432339
281 1645989283-432384
282 1645989283-432430
283 1645989283-433546
284 1645989283-433598
285 1645989283-433643
286 1645989283-433687
287 1645989283-433732
288 1645989283-433777
289 1645989283-433821
290 1645989283-433866
291 1645989283-433911
292 1645989283-433955
293 1645989283-434000
294 1645989283-434045
295 1645989283-434089
296 1645989283-434134
297 1645989283-434179
298 1645989283-435275
299 1645989283-435322
300 1645989283-435368
301 1645989283-435412
302 1645989283-435457
303 1645989283-435502
304 1645989283-435548
305 1645989283-435593
306 1645989283-435638
307 1645989283-435682
308 1645989283-435727
309 1645989283-435771
310 1645989283-435816
311 1645989283-435870
312 1645989283-437022
313 1645989283-437072
314 1645989283-437118
315 1645989283-437162
316 1645989283-437206
317 1645989283-437251
318 1645989283-437295
319 1645989283-437340
320 1645989283-437384
321 1645989283-437429
322 1645989283-437474
323 1645989283-437539
324 1645989283-437587
325 1645989283-438787
326 1645989283-438886
327 1645989283-438973
328 1645989283-439068
329 1645989283-439163
330 1645989283-439246
331 1645989283-439305
332 1645989283-439354
333 1645989283-439400
334 1645989283-440499
335 1645989283-440549
336 1645989283-440594
337 1645989283-440639
338 1645989283-440684
339 1645989283-440729
340 1645989283-440773
341 1645989283-440820
342 1645989283-440865
343 1645989283-440909
344 1645989283-440954
345 1645989283-440999
346 1645989283-441044
347 1645989283-441090
348 1645989283-442323
349 1645989283-442430
350 1645989283-442559
351 1645989283-442706
352 1645989283-442821
353 1645989283-443997
354 1645989283-444086
355 1645989283-444146
356 1645989283-444191
357 1645989283-444236
358 1645989283-444282
359 1645989283-444327
360 1645989283-444373
361 1645989283-444418
362 1645989283-444463
363 1645989283-444508
364 1645989283-444553
365 1645989283-444600
366 1645989283-445869
367 1645989283-445949
368 1645989283-446032
369 1645989283-446093
370 1645989283-446139
371 1645989283-446184
372 1645989283-446230
373 1645989283-446275
374 1645989283-446319
375 1645989283-446365
376 1645989283-447587
377 1645989283-447637
378 1645989283-447683
379 1645989283-447739
380 1645989283-447785
381 1645989283-447830
382 1645989283-447874
383 1645989283-447919
384 1645989283-447965
385 1645989283-448011
386 1645989283-448055
387 1645989283-448100
388 1645989283-448146
389 1645989283-448192
390 1645989283-448239
391 1645989283-449379
392 1645989283-449438
393 1645989283-449484
394 1645989283-449548
395 1645989283-449595
396 1645989283-449641
397 1645989283-449687
398 1645989283-449732
399 1645989283-449777
400 1645989283-449823
401 1645989283-449869
402 1645989283-450988
403 1645989283-451042
404 1645989283-451088
405 1645989283-451133
406 1645989283-451179
407 1645989283-451223
408 1645989283-451269
409 1645989283-451316
410 1645989283-451362
411 1645989283-451407
412 1645989283-451452
413 1645989283-451496
414 1645989283-451550
415 1645989283-451596
416 1645989283-451642
417 1645989283-451687
418 1645989283-452833
419 1645989283-452892
420 1645989283-452939
421 1645989283-452984
422 1645989283-453029
423 1645989283-453075
424 1645989283-453120
425 1645989283-453165
426 1645989283-453210
427 1645989283-453255
428 1645989283-453301
429 1645989283-454399
430 1645989283-454471
431 1645989283-454523
432 1645989283-454572
433 1645989283-454621
434 1645989283-454666
435 1645989283-454711
436 1645989283-454756
437 1645989283-454801
438 1645989283-454846
439 1645989283-454891
440 1645989283-454935
441 1645989283-454980
442 1645989283-455025
443 1645989283-455070
444 1645989283-456112
445 1645989283-456158
446 1645989283-456203
447 1645989283-456248
448 1645989283-456292
449 1645989283-456339
450 1645989283-456384
451 1645989283-456428
452 1645989283-456472
453 1645989283-456517
454 1645989283-456562
455 1645989283-456607
456 1645989283-456651
457 1645989283-456696
458 1645989283-456741
459 1645989283-458524
460 1645989283-458574
461 1645989283-458620
462 1645989283-458666
463 1645989283-458710
464 1645989283-458755
465 1645989283-458799
466 1645989283-458844
467 1645989283-458888
468 1645989283-458932
469 1645989283-458976
470 1645989283-459021
471 1645989283-459065
472 1645989283-459110
473 1645989283-459155
474 1645989283-459200
475 1645989283-459244
476 1645989283-460291
477 1645989283-460338
478 1645989283-460383
479 1645989283-460427
480 1645989283-460472
481 1645989283-460517
482 1645989283-460561
483 1645989283-460606
484 1645989283-460650
485 1645989283-460694
486 1645989283-460740
487 1645989283-460784
488 1645989283-460828
489 1645989283-460873
490 1645989283-462314
491 1645989283-462371
492 1645989283-462421
493 1645989283-462471
494 1645989283-462515
495 1645989283-462560
496 1645989283-462605
497 1645989283-462650
498 1645989283-462695
499 1645989283-462739
500 1645989283-462784
501 1645989283-462829
502 1645989283-462873
503 1645989283-462918
504 1645989283-462962
505 1645989283-463006
506 1645989283-463050
507 1645989283-463095
508 1645989283-463139
509 1645989283-463183
510 1645989283-463229
511 1645989283-463273
512 1645989283-463317
513 1645989283-463362
514 1645989283-463406
515 1645989283-463450
516 1645989283-463503
517 1645989283-463548
518 1645989283-463593
519 1645989283-463637
520 1645989283-463682
521 1645989283-463726
522 1645989283-463771
523 1645989283-463815
524 1645989283-463860
525 1645989283-463905
526 1645989283-463949
527 1645989283-463994
528 1645989283-464038
529 1645989283-464082
530 1645989283-464127
531 1645989283-464172
532 1645989283-464217
533 1645989283-464261
534 1645989283-466278
535 1645989283-466343
536 1645989283-466395
537 1645989283-466445
538 1645989283-466496
539 1645989283-466546
540 1645989283-466595
541 1645989283-466640
542 1645989283-466686
543 1645989283-466730
544 1645989283-466775
545 1645989283-466820
546 1645989283-466865
547 1645989283-466909
548 1645989283-466954
549 1645989283-467000
550 1645989283-467046
551 1645989283-467091
552 1645989283-467136
553 1645989283-467180
554 1645989283-467225
555 1645989283-467270
556 1645989283-467314
557 1645989283-467359
558 1645989283-467404
559 1645989283-467449
560 1645989283-467494
561 1645989283-467539
562 1645989283-467583
563 1645989283-467628
564 1645989283-467673
565 1645989283-467730
566 1645989283-467775
567 1645989283-467820
568 1645989283-467865
569 1645989283-467910
570 1645989283-467955
571 1645989283-468000
572 1645989283-468046
573 1645989283-468097
574 1645989283-468144
575 1645989283-469651
576 1645989283-469704
577 1645989283-469750
578 1645989283-469795
579 1645989283-469840
580 1645989283-469885
581 1645989283-469930
582 1645989283-469975
583 1645989283-470020
584 1645989283-470065
585 1645989283-470110
586 1645989283-470156
587 1645989283-470201
588 1645989283-470247
589 1645989283-470292
590 1645989283-470337
591 1645989283-470382
592 1645989283-470427
593 1645989283-470472
594 1645989283-470517
595 1645989283-470562
596 1645989283-470607
597 1645989283-470652
598 1645989283-470697
599 1645989283-470742
600 1645989283-470787
601 1645989283-470832
602 1645989283-470878
603 1645989283-470922
604 1645989283-470968
605 1645989283-471012
606 1645989283-471057
607 1645989283-471103
608 1645989283-471147
609 1645989283-471192
610 1645989283-471238
611 1645989283-471283
612 1645989283-471327
613 1645989283-471372
614 1645989283-471417
615 1645989283-471461
616 1645989283-471506
617 1645989283-471551
618 1645989283-471596
619 1645989283-471648
620 1645989283-471706
621 1645989283-471752
622 1645989283-471797
623 1645989283-471842
624 1645989283-471887
625 1645989283-473104
626 1645989283-473150
627 1645989283-473195
628 1645989283-473241
629 1645989283-473286
630 1645989283-473332
631 1645989283-473377
632 1645989283-473423
633 1645989283-473468
634 1645989283-473528
635 1645989283-473576
636 1645989283-473622
637 1645989283-473671
638 1645989283-473717
639 1645989283-476100
640 1645989283-476150
641 1645989283-476196
642 1645989283-476241
643 1645989283-476286
644 1645989283-476332
645 1645989283-476376
646 1645989283-476422
647 1645989283-476468
648 1645989283-476513
649 1645989283-476559
650 1645989283-476603
651 1645989283-476648
652 1645989283-476693
653 1645989283-476738
654 1645989283-476785
655 1645989283-476830
656 1645989283-479152
657 1645989283-479216
658 1645989283-479267
659 1645989283-479317
660 1645989283-479366
661 1645989283-479416
662 1645989283-479461
663 1645989283-479507
664 1645989283-479553
665 1645989283-479599
666 1645989283-479644
667 1645989283-479689
668 1645989283-479733
669 1645989283-479778
670 1645989283-479824
671 1645989283-479869
672 1645989283-479913
673 1645989283-479958
674 1645989283-480003
675 1645989283-480047
676 1645989283-480092
677 1645989283-480138
678 1645989283-481772
679 1645989283-481824
680 1645989283-481869
681 1645989283-481914
682 1645989283-481959
683 1645989283-482004
684 1645989283-482054
685 1645989283-482100
686 1645989283-482145
687 1645989283-482190
688 1645989283-482234
689 1645989283-482279
690 1645989283-482323
691 1645989283-482368
692 1645989283-482412
693 1645989283-482457
694 1645989283-482501
695 1645989283-482545
696 1645989283-482590
697 1645989283-482634
698 1645989283-482678
699 1645989283-482723
700 1645989283-482768
701 1645989283-482820
702 1645989283-482865
703 1645989283-482909
704 1645989283-482954
705 1645989283-482998
706 1645989283-483042
707 1645989283-483086
708 1645989283-483131
709 1645989283-483175
710 1645989283-483220
711 1645989283-483264
712 1645989283-483309
713 1645989283-483354
714 1645989283-483399
715 1645989283-483443
716 1645989283-483488
717 1645989283-483533
718 1645989283-483579
719 1645989283-485059
720 1645989283-485105
721 1645989283-485157
722 1645989283-485204
723 1645989283-485249
724 1645989283-485293
725 1645989283-485338
726 1645989283-485383
727 1645989283-485427
728 1645989283-485472
729 1645989283-485530
730 1645989283-485577
731 1645989283-485623
732 1645989283-485668
733 1645989283-485713
734 1645989283-485757
735 1645989283-485802
736 1645989283-485847
737 1645989283-485892
738 1645989283-485937
739 1645989283-485982
740 1645989283-486027
741 1645989283-486072
742 1645989283-486116
743 1645989283-486161
744 1645989283-486206
745 1645989283-486250
746 1645989283-486295
747 1645989283-486339
748 1645989283-486388
749 1645989283-486434
750 1645989283-486478
751 1645989283-486532
752 1645989283-486577
753 1645989283-486622
754 1645989283-486667
755 1645989283-486712
756 1645989283-486757
757 1645989283-486801
758 1645989283-486846
759 1645989283-486891
760 1645989283-486936
761 1645989283-486981
762 1645989283-487026
763 1645989283-487072
764 1645989283-487119
765 1645989283-488975
766 1645989283-489025
767 1645989283-489072
768 1645989283-489118
769 1645989283-489163
770 1645989283-489208
771 1645989283-489253
772 1645989283-489299
773 1645989283-489343
774 1645989283-489388
775 1645989283-489434
776 1645989283-489479
777 1645989283-489539
778 1645989283-489586
779 1645989283-489631
780 1645989283-489676
781 1645989283-489721
782 1645989283-489766
783 1645989283-489811
784 1645989283-489856
785 1645989283-489901
786 1645989283-489946
787 1645989283-489991
788 1645989283-490036
789 1645989283-490082
790 1645989283-490126
791 1645989283-490171
792 1645989283-490216
793 1645989283-490260
794 1645989283-490306
795 1645989283-490350
796 1645989283-490395
797 1645989283-490440
798 1645989283-490485
799 1645989283-490530
800 1645989283-490574
801 1645989283-490619
802 1645989283-490664
803 1645989283-490709
804 1645989283-490755
805 1645989283-490800
806 1645989283-490847
807 1645989283-492635
808 1645989283-492684
809 1645989283-492729
810 1645989283-492773
811 1645989283-492818
812 1645989283-492867
813 1645989283-492912
814 1645989283-492957
815 1645989283-493001
816 1645989283-493046
817 1645989283-493090
818 1645989283-493135
819 1645989283-493179
820 1645989283-493224
821 1645989283-493269
822 1645989283-493313
823 1645989283-493364
824 1645989283-493410
825 1645989283-493454
826 1645989283-493498
827 1645989283-493560
828 1645989283-493606
829 1645989283-493655
830 1645989283-493700
831 1645989283-493745
832 1645989283-493789
833 1645989283-493834
834 1645989283-493878
835 1645989283-493922
836 1645989283-493967
837 1645989283-494011
838 1645989283-494055
839 1645989283-494099
840 1645989283-494143
841 1645989283-494187
842 1645989283-494231
843 1645989283-494277
844 1645989283-494322
845 1645989283-494366
846 1645989283-494411
847 1645989283-494455
848 1645989283-496549
849 1645989283-496599
850 1645989283-496645
851 1645989283-496690
852 1645989283-496734
853 1645989283-496778
854 1645989283-496823
855 1645989283-496867
856 1645989283-496911
857 1645989283-496955
858 1645989283-497000
859 1645989283-497044
860 1645989283-497089
861 1645989283-497133
862 1645989283-497177
863 1645989283-497221
864 1645989283-497265
865 1645989283-497309
866 1645989283-497353
867 1645989283-497397
868 1645989283-497442
869 1645989283-497486
870 1645989283-497549
871 1645989283-497595
872 1645989283-497640
873 1645989283-497685
874 1645989283-497729
875 1645989283-497774
876 1645989283-497824
877 1645989283-497869
878 1645989283-497913
879 1645989283-497958
880 1645989283-498002
881 1645989283-498047
882 1645989283-498091
883 1645989283-498135
884 1645989283-498181
885 1645989283-498226
886 1645989283-499729
887 1645989283-499774
888 1645989283-499820
889 1645989283-499864
890 1645989283-499909
891 1645989283-499953
892 1645989283-499997
893 1645989283-500046
894 1645989283-500091
895 1645989283-500135
896 1645989283-500179
897 1645989283-500223
898 1645989283-500268
899 1645989283-500312
900 1645989283-500356
901 1645989283-500400
902 1645989283-500444
903 1645989283-500488
904 1645989283-500533
905 1645989283-500578
906 1645989283-500622
907 1645989283-500666
908 1645989283-500710
909 1645989283-500754
910 1645989283-500799
911 1645989283-500844
912 1645989283-500888
913 1645989283-500932
914 1645989283-500976
915 1645989283-501021
916 1645989283-501065
917 1645989283-501110
918 1645989283-501154
919 1645989283-501198
920 1645989283-501242
921 1645989283-501286
922 1645989283-501330
923 1645989283-501374
924 1645989283-501418
925 1645989283-501462
926 1645989283-501527
927 1645989283-501576
928 1645989283-501622
929 1645989283-501666
930 1645989283-501710
931 1645989283-501754
932 1645989283-501798
933 1645989283-501843
934 1645989283-501887
935 1645989283-501931
936 1645989283-501975
937 1645989283-502025
938 1645989283-502070
939 1645989283-502114
940 1645989283-502162
941 1645989283-502207
942 1645989283-502251
943 1645989283-502295
944 1645989283-502339
945 1645989283-502383
946 1645989283-502428
947 1645989283-505036
948 1645989283-505085
949 1645989283-505131
950 1645989283-505175
951 1645989283-505220
952 1645989283-505264
953 1645989283-505308
954 1645989283-505352
955 1645989283-505396
956 1645989283-505441
957 1645989283-505489
958 1645989283-505550
959 1645989283-505596
960 1645989283-505640
961 1645989283-505685
962 1645989283-505729
963 1645989283-505773
964 1645989283-505819
965 1645989283-505863
966 1645989283-505908
967 1645989283-505952
968 1645989283-505997
969 1645989283-506042
970 1645989283-508647
971 1645989283-508706
972 1645989283-508752
973 1645989283-508797
974 1645989283-508842
975 1645989283-508887
976 1645989283-508932
977 1645989283-508979
978 1645989283-509024
979 1645989283-509068
980 1645989283-509113
981 1645989283-509158
982 1645989283-511304
983 1645989283-511360
984 1645989283-511411
985 1645989283-511461
986 1645989283-511510
987 1645989283-511559
988 1645989283-511609
989 1645989283-511653
990 1645989283-511698
991 1645989283-511743
992 1645989283-511788
993 1645989283-511833
994 1645989283-511878
995 1645989283-511922
996 1645989283-511966
997 1645989283-512011
998 1645989283-512055
999 1645989283-512100
1000 1645989283-512145
